<?xml version="1.0" encoding="UTF-8"?>
<testsuite xmlns:xsi="http://www.w3.org/2001/XMLSchema-instance" xsi:noNamespaceSchemaLocation="https://maven.apache.org/surefire/maven-surefire-plugin/xsd/surefire-test-report.xsd" name="com.aurora.test.MybatisTest" time="1.515" tests="3" errors="0" skipped="0" failures="0">
  <properties>
[...]
</properties>
  <testcase name="testSaveUser" classname="com.aurora.test.MybatisTest" time="1.282"/>
  <testcase name="testFindAll" classname="com.aurora.test.MybatisTest" time="0.084"/>
  <testcase name="testFindByIdPassword" classname="com.aurora.test.MybatisTest" time="0.067"/>
</testsuite>